<?xml version="1.0" encoding="utf-8"?>
<!DOCTYPE coverage SYSTEM "http://cobertura.sourceforge.net/xml/coverage-04.dtd">
<coverage line-rate="0.702702702702703" branch-rate="0.7" lines-covered="26" lines-valid="37" branches-covered="7" branches-valid="10" complexity="15" version="0" timestamp="1692452116">
  <sources>
    <source>C:\Users\Shakhriyor_Toylokov\</source>
  </sources>
  <packages>
    <package name="OddEven" line-rate="0.523809523809524" branch-rate="0.7" complexity="12">
      <classes>
        <class name="OddEven.OddEvenPrime" filename="C:\Users\Shakhriyor_Toylokov\source\repos\NewRepo2\OddEven\OddEven\OddEvenPrime.cs" line-rate="0.647058823529412" branch-rate="0.7" complexity="11">
          <methods>
            <method name="Run" signature="()" line-rate="0" branch-rate="0" complexity="2">
              <lines>
                <line number="14" hits="0" branch="false" />
                <line number="15" hits="0" branch="true" condition-coverage="0% (0/2)" />
                <line number="16" hits="0" branch="false" />
                <line number="17" hits="0" branch="false" />
                <line number="18" hits="0" branch="false" />
                <line number="19" hits="0" branch="false" />
              </lines>
            </method>
            <method name="CheckOddEven" signature="(...)" line-rate="1" branch-rate="0.875" complexity="8">
              <lines>
                <line number="22" hits="4" branch="false" />
                <line number="23" hits="4" branch="true" condition-coverage="75% (3/4)" />
                <line number="24" hits="1" branch="false" />
                <line number="26" hits="3" branch="true" condition-coverage="100% (2/2)" />
                <line number="27" hits="1" branch="false" />
                <line number="29" hits="2" branch="true" condition-coverage="100% (2/2)" />
                <line number="30" hits="1" branch="false" />
                <line number="32" hits="1" branch="false" />
                <line number="33" hits="3" branch="false" />
              </lines>
            </method>
            <method name=".cctor" signature="()" line-rate="1" branch-rate="1" complexity="1">
              <lines>
                <line number="9" hits="1" branch="false" />
                <line number="10" hits="1" branch="false" />
              </lines>
            </method>
          </methods>
          <lines>
            <line number="9" hits="1" branch="false" />
            <line number="10" hits="1" branch="false" />
            <line number="14" hits="0" branch="false" />
            <line number="15" hits="0" branch="true" condition-coverage="0% (0/2)" />
            <line number="16" hits="0" branch="false" />
            <line number="17" hits="0" branch="false" />
            <line number="18" hits="0" branch="false" />
            <line number="19" hits="0" branch="false" />
            <line number="22" hits="4" branch="false" />
            <line number="23" hits="4" branch="true" condition-coverage="75% (3/4)" />
            <line number="24" hits="1" branch="false" />
            <line number="26" hits="3" branch="true" condition-coverage="100% (2/2)" />
            <line number="27" hits="1" branch="false" />
            <line number="29" hits="2" branch="true" condition-coverage="100% (2/2)" />
            <line number="30" hits="1" branch="false" />
            <line number="32" hits="1" branch="false" />
            <line number="33" hits="3" branch="false" />
          </lines>
        </class>
        <class name="OddEven.Program" filename="C:\Users\Shakhriyor_Toylokov\source\repos\NewRepo2\OddEven\OddEven\Program.cs" line-rate="0" branch-rate="1" complexity="1">
          <methods>
            <method name="Main" signature="(...)" line-rate="0" branch-rate="1" complexity="1">
              <lines>
                <line number="8" hits="0" branch="false" />
                <line number="9" hits="0" branch="false" />
                <line number="10" hits="0" branch="false" />
                <line number="11" hits="0" branch="false" />
              </lines>
            </method>
          </methods>
          <lines>
            <line number="8" hits="0" branch="false" />
            <line number="9" hits="0" branch="false" />
            <line number="10" hits="0" branch="false" />
            <line number="11" hits="0" branch="false" />
          </lines>
        </class>
      </classes>
    </package>
    <package name="OddEvenTests" line-rate="0.9375" branch-rate="1" complexity="3">
      <classes>
        <class name="AutoGeneratedProgram" filename="C:\Users\Shakhriyor_Toylokov\.nuget\packages\microsoft.net.test.sdk\17.3.2\build\netcoreapp2.1\Microsoft.NET.Test.Sdk.Program.cs" line-rate="0" branch-rate="1" complexity="1">
          <methods>
            <method name="Main" signature="(...)" line-rate="0" branch-rate="1" complexity="1">
              <lines>
                <line number="4" hits="0" branch="false" />
              </lines>
            </method>
          </methods>
          <lines>
            <line number="4" hits="0" branch="false" />
          </lines>
        </class>
        <class name="OddEvenTests.Tests" filename="C:\Users\Shakhriyor_Toylokov\source\repos\NewRepo2\OddEven\OddEvenTests\UnitTest1.cs" line-rate="1" branch-rate="1" complexity="2">
          <methods>
            <method name="check_FizzBuzz_ReturnsCorrectStrings" signature="()" line-rate="1" branch-rate="1" complexity="1">
              <lines>
                <line number="12" hits="1" branch="false" />
                <line number="14" hits="1" branch="false" />
                <line number="15" hits="1" branch="false" />
                <line number="16" hits="1" branch="false" />
                <line number="19" hits="1" branch="false" />
                <line number="20" hits="1" branch="false" />
                <line number="21" hits="1" branch="false" />
                <line number="24" hits="1" branch="false" />
                <line number="25" hits="1" branch="false" />
                <line number="26" hits="1" branch="false" />
                <line number="27" hits="1" branch="false" />
              </lines>
            </method>
            <method name="checkFizzBuzz_ThrowsException_WhenInvalidNumberGiven" signature="()" line-rate="1" branch-rate="1" complexity="1">
              <lines>
                <line number="31" hits="1" branch="false" />
                <line number="33" hits="1" branch="false" />
                <line number="36" hits="2" branch="false" />
                <line number="38" hits="1" branch="false" />
              </lines>
            </method>
          </methods>
          <lines>
            <line number="12" hits="1" branch="false" />
            <line number="14" hits="1" branch="false" />
            <line number="15" hits="1" branch="false" />
            <line number="16" hits="1" branch="false" />
            <line number="19" hits="1" branch="false" />
            <line number="20" hits="1" branch="false" />
            <line number="21" hits="1" branch="false" />
            <line number="24" hits="1" branch="false" />
            <line number="25" hits="1" branch="false" />
            <line number="26" hits="1" branch="false" />
            <line number="27" hits="1" branch="false" />
            <line number="31" hits="1" branch="false" />
            <line number="33" hits="1" branch="false" />
            <line number="36" hits="2" branch="false" />
            <line number="38" hits="1" branch="false" />
          </lines>
        </class>
      </classes>
    </package>
  </packages>
</coverage>